lapl_mat (5, 5)
features (5, 3)
labels (5, 2)
Epoch: 0  Accuracy: 0.4  Loss: 0.903
Epoch: 1  Accuracy: 0.4  Loss: 0.9025
Epoch: 1001  Accuracy: 0.4  Loss: 0.6958
Epoch: 2001  Accuracy: 0.4  Loss: 0.6793
Epoch: 3001  Accuracy: 0.4  Loss: 0.6671
Epoch: 4001  Accuracy: 0.4  Loss: 0.6521
Epoch: 5001  Accuracy: 0.8  Loss: 0.6347
Epoch: 6001  Accuracy: 0.8  Loss: 0.6144
Epoch: 7001  Accuracy: 0.8  Loss: 0.5917
Epoch: 8001  Accuracy: 0.6  Loss: 0.5683
Epoch: 9001  Accuracy: 0.6  Loss: 0.5464
Epoch: 10001  Accuracy: 0.6  Loss: 0.5274
Epoch: 11001  Accuracy: 0.6  Loss: 0.5119
Epoch: 12001  Accuracy: 0.6  Loss: 0.4997
Epoch: 13001  Accuracy: 0.6  Loss: 0.4905
Epoch: 14001  Accuracy: 0.6  Loss: 0.483
Epoch: 15001  Accuracy: 0.6  Loss: 0.4763
Epoch: 16001  Accuracy: 0.6  Loss: 0.4697
Epoch: 17001  Accuracy: 0.6  Loss: 0.4632
Epoch: 18001  Accuracy: 0.6  Loss: 0.4568
Epoch: 19001  Accuracy: 0.6  Loss: 0.4505
Epoch: 20001  Accuracy: 0.6  Loss: 0.4442
Epoch: 21001  Accuracy: 0.6  Loss: 0.438
Epoch: 22001  Accuracy: 0.6  Loss: 0.4318
Epoch: 23001  Accuracy: 0.6  Loss: 0.4257
Epoch: 24001  Accuracy: 0.6  Loss: 0.4197
Epoch: 25001  Accuracy: 0.6  Loss: 0.4137
Epoch: 26001  Accuracy: 0.6  Loss: 0.4078
Epoch: 27001  Accuracy: 0.6  Loss: 0.402
Epoch: 28001  Accuracy: 0.6  Loss: 0.3962
Epoch: 29001  Accuracy: 0.6  Loss: 0.3905
Epoch: 30001  Accuracy: 1.0  Loss: 0.3849
Epoch: 31001  Accuracy: 1.0  Loss: 0.3793
Epoch: 32001  Accuracy: 1.0  Loss: 0.3737
Epoch: 33001  Accuracy: 1.0  Loss: 0.3683
Epoch: 34001  Accuracy: 1.0  Loss: 0.3629
Epoch: 35001  Accuracy: 1.0  Loss: 0.3576
Epoch: 36001  Accuracy: 1.0  Loss: 0.3523
Epoch: 37001  Accuracy: 1.0  Loss: 0.3471
Epoch: 38001  Accuracy: 1.0  Loss: 0.3419
Epoch: 39001  Accuracy: 1.0  Loss: 0.3369
Epoch: 40001  Accuracy: 1.0  Loss: 0.3319
Epoch: 41001  Accuracy: 1.0  Loss: 0.3269
Epoch: 42001  Accuracy: 1.0  Loss: 0.322
Epoch: 43001  Accuracy: 1.0  Loss: 0.3172
Epoch: 44001  Accuracy: 1.0  Loss: 0.3124
Epoch: 45001  Accuracy: 1.0  Loss: 0.3077
Epoch: 46001  Accuracy: 1.0  Loss: 0.303
Epoch: 47001  Accuracy: 1.0  Loss: 0.2984
Epoch: 48001  Accuracy: 1.0  Loss: 0.2939
Epoch: 49001  Accuracy: 1.0  Loss: 0.2894
